<?xml version="1.0" encoding="UTF-8"?>
<testsuite xmlns:xsi="http://www.w3.org/2001/XMLSchema-instance" xsi:noNamespaceSchemaLocation="https://maven.apache.org/surefire/maven-surefire-plugin/xsd/surefire-test-report.xsd" name="com.vishal.StartApplicationTests" time="2.713" tests="3" errors="0" skipped="0" failures="0">
  <properties>
[...]
</properties>
  <testcase name="testStaticContent" classname="com.vishal.StartApplicationTests" time="0.379"/>
  <testcase name="testIndexEndpoint" classname="com.vishal.StartApplicationTests" time="0.228"/>
  <testcase name="contextLoads" classname="com.vishal.StartApplicationTests" time="0.002"/>
</testsuite>